<?xml version="1.0" encoding="UTF-8"?>
<testsuite xmlns:xsi="http://www.w3.org/2001/XMLSchema-instance" xsi:noNamespaceSchemaLocation="https://maven.apache.org/surefire/maven-surefire-plugin/xsd/surefire-test-report.xsd" version="3.0.2" name="com.example.countrycityapi.CountryControllerIntegrationTest" time="2.228" tests="2" errors="0" skipped="0" failures="0" flakes="0">
  <properties>
[...]
</properties>
  <testcase name="shouldGetAllCountries" classname="com.example.countrycityapi.CountryControllerIntegrationTest" time="0.581">
    <system-out><![CDATA[16:31:14.123 [main] INFO org.springframework.test.context.support.AnnotationConfigContextLoaderUtils -- Could not detect default configuration classes for test class [com.example.countrycityapi.CountryControllerIntegrationTest]: CountryControllerIntegrationTest does not declare any static, non-private, non-final, nested classes annotated with @Configuration.
16:31:14.176 [main] INFO org.springframework.boot.test.context.SpringBootTestContextBootstrapper -- Found @SpringBootConfiguration com.example.countrycityapi.CountryCityApiApplication for test class com.example.countrycityapi.CountryControllerIntegrationTest
16:31:14.222 [main] INFO org.springframework.test.context.support.AnnotationConfigContextLoaderUtils -- Could not detect default configuration classes for test class [com.example.countrycityapi.CountryControllerIntegrationTest]: CountryControllerIntegrationTest does not declare any static, non-private, non-final, nested classes annotated with @Configuration.
16:31:14.223 [main] INFO org.springframework.boot.test.context.SpringBootTestContextBootstrapper -- Found @SpringBootConfiguration com.example.countrycityapi.CountryCityApiApplication for test class com.example.countrycityapi.CountryControllerIntegrationTest

  .   ____          _            __ _ _
 /\\ / ___'_ __ _ _(_)_ __  __ _ \ \ \ \
( ( )\___ | '_ | '_| | '_ \/ _` | \ \ \ \
 \\/  ___)| |_)| | | | | || (_| |  ) ) ) )
  '  |____| .__|_| |_|_| |_\__, | / / / /
 =========|_|==============|___/=/_/_/_/

 :: Spring Boot ::                (v4.0.6)

2026-04-27T16:31:14.620+02:00  INFO 85926 --- [country-city-api] [           main] c.e.c.CountryControllerIntegrationTest   : Starting CountryControllerIntegrationTest using Java 21.0.4 with PID 85926 (started by kernel in /Users/kernel/IdeaProjects/country-city-api)
2026-04-27T16:31:14.621+02:00  INFO 85926 --- [country-city-api] [           main] c.e.c.CountryControllerIntegrationTest   : No active profile set, falling back to 1 default profile: "default"
2026-04-27T16:31:15.181+02:00  INFO 85926 --- [country-city-api] [           main] o.s.boot.tomcat.TomcatWebServer          : Tomcat initialized with port 0 (http)
2026-04-27T16:31:15.191+02:00  INFO 85926 --- [country-city-api] [           main] o.apache.catalina.core.StandardService   : Starting service [Tomcat]
2026-04-27T16:31:15.191+02:00  INFO 85926 --- [country-city-api] [           main] o.apache.catalina.core.StandardEngine    : Starting Servlet engine: [Apache Tomcat/11.0.21]
2026-04-27T16:31:15.213+02:00  INFO 85926 --- [country-city-api] [           main] b.w.c.s.WebApplicationContextInitializer : Root WebApplicationContext: initialization completed in 579 ms
2026-04-27T16:31:15.560+02:00  INFO 85926 --- [country-city-api] [           main] o.s.b.a.e.web.EndpointLinksResolver      : Exposing 1 endpoint beneath base path '/actuator'
2026-04-27T16:31:15.595+02:00  INFO 85926 --- [country-city-api] [           main] o.s.boot.tomcat.TomcatWebServer          : Tomcat started on port 58967 (http) with context path '/'
2026-04-27T16:31:15.600+02:00  INFO 85926 --- [country-city-api] [           main] c.e.c.CountryControllerIntegrationTest   : Started CountryControllerIntegrationTest in 1.134 seconds (process running for 1.941)
2026-04-27T16:31:16.127+02:00  INFO 85926 --- [country-city-api] [o-auto-1-exec-1] o.a.c.c.C.[Tomcat].[localhost].[/]       : Initializing Spring DispatcherServlet 'dispatcherServlet'
2026-04-27T16:31:16.127+02:00  INFO 85926 --- [country-city-api] [o-auto-1-exec-1] o.s.web.servlet.DispatcherServlet        : Initializing Servlet 'dispatcherServlet'
2026-04-27T16:31:16.128+02:00  INFO 85926 --- [country-city-api] [o-auto-1-exec-1] o.s.web.servlet.DispatcherServlet        : Completed initialization in 1 ms
]]></system-out>
    <system-err><![CDATA[Mockito is currently self-attaching to enable the inline-mock-maker. This will no longer work in future releases of the JDK. Please add Mockito as an agent to your build as described in Mockito's documentation: https://javadoc.io/doc/org.mockito/mockito-core/latest/org.mockito/org/mockito/Mockito.html#0.3
WARNING: A Java agent has been loaded dynamically (/Users/kernel/.m2/repository/net/bytebuddy/byte-buddy-agent/1.17.8/byte-buddy-agent-1.17.8.jar)
WARNING: If a serviceability tool is in use, please run with -XX:+EnableDynamicAgentLoading to hide this warning
WARNING: If a serviceability tool is not in use, please run with -Djdk.instrument.traceUsage for more information
WARNING: Dynamic loading of agents will be disallowed by default in a future release
]]></system-err>
  </testcase>
  <testcase name="shouldGetCitiesByCountryWithPagination" classname="com.example.countrycityapi.CountryControllerIntegrationTest" time="0.021"/>
</testsuite>